[2026-04-27 22:48:47] [INFO] Python executable: C:\Program Files\Python313\python.exe
[2026-04-27 22:48:47] [INFO] Python version: 3.13.3
[2026-04-27 22:48:47] [INFO] Working directory: C:\Oburec\Antigravity\Projects\AGrav\00_Система\Инструменты\Python_Excel
[2026-04-27 22:48:47] [INFO] OpenCV version: 4.11.0
[2026-04-27 22:48:47] [INFO] NumPy version: 2.2.5
[2026-04-27 22:48:47] [INFO] Pillow version: 11.2.1
[2026-04-27 22:48:47] [INFO] pytesseract version: 0.3.13
[2026-04-27 22:48:47] [INFO] Tesseract version: 5.4.0.20240606
[2026-04-27 22:48:47] [INFO] Tesseract command: C:\Program Files\Tesseract-OCR\tesseract.exe
[2026-04-27 22:48:47] [INFO] Проверка языкового пакета: C:\Oburec\Antigravity\Projects\AGrav\00_Система\Инструменты\Python_Excel\tessdata\rus.traineddata
[2026-04-27 22:48:47] [INFO] Установлен TESSDATA_PREFIX: C:\Oburec\ANTIGR~1\Projects\AGrav\00_~1\B2AA~1\PYTHON~1\tessdata
[2026-04-27 22:48:47] [INFO] Найдено файлов для обработки: 2
[2026-04-27 22:48:47] [INFO] Загружен словарь сотрудников: 15 имен.
[2026-04-27 22:48:47] [INFO] Обработка РСС_ФЕВ26_1.JPG...
[2026-04-27 22:48:47] [DEBUG] Файл РСС_ФЕВ26_1.JPG: размер 1213x371
[2026-04-27 22:48:47] [INFO] Найдено линий: X=21, Y=27
[2026-04-27 22:48:47] [INFO] Найдено зарплатных блоков: 7
[2026-04-27 22:48:47] [INFO] Определена ожидаемая строка ИТОГО К ВЫПЛАТЕ по умолчанию: индекс 20
[2026-04-27 22:48:48] [INFO] Блок 1: лучший OCR ФИО 'Баженова Н.М' (adaptive, score=1.000) -> 'Баженова Н.М.'
[2026-04-27 22:48:48] [INFO] Обработка колонки человека: Баженова Н.М
[2026-04-27 22:48:48] [INFO] Блок 1: OCR имени 'Баженова Н.М' -> 'Баженова Н.М.' (1.000). Топ: Баженова Н.М.:1.00, Лобачев А.Г.:0.53, Горенков А.В.:0.50
[2026-04-27 22:48:48] [INFO] Имя после очистки и коррекции: Баженова Н.М.
[2026-04-27 22:48:49] [INFO] Блок 1: Баженова Н.М. -> 148695.0 (OCR='148695')
[2026-04-27 22:48:49] [INFO] Строка ИТОГО К ВЫПЛАТЕ зафиксирована на индексе 20
[2026-04-27 22:48:49] [INFO] Итого: Баженова Н.М. -> 148695.0
[2026-04-27 22:48:49] [INFO] Блок 2: лучший OCR ФИО 'Горенков А.В' (otsu, score=1.000) -> 'Горенков А.В.'
[2026-04-27 22:48:49] [INFO] Обработка колонки человека: Горенков А.В
[2026-04-27 22:48:49] [INFO] Блок 2: OCR имени 'Горенков А.В' -> 'Горенков А.В.' (1.000). Топ: Горенков А.В.:1.00, Коршунов А.А.:0.67, Грязнев А.А.:0.61
[2026-04-27 22:48:49] [INFO] Имя после очистки и коррекции: Горенков А.В.
[2026-04-27 22:48:50] [INFO] Блок 2: Горенков А.В. -> 170000.0 (OCR='170000')
[2026-04-27 22:48:50] [INFO] Итого: Горенков А.В. -> 170000.0
[2026-04-27 22:48:51] [INFO] Блок 3: лучший OCR ФИО 'Грязнев А.А' (adaptive, score=1.000) -> 'Грязнев А.А.'
[2026-04-27 22:48:51] [INFO] Обработка колонки человека: Грязнев А.А
[2026-04-27 22:48:51] [INFO] Блок 3: OCR имени 'Грязнев А.А' -> 'Грязнев А.А.' (1.000). Топ: Грязнев А.А.:1.00, Коршунов А.А.:0.61, Горенков А.В.:0.61
[2026-04-27 22:48:51] [INFO] Имя после очистки и коррекции: Грязнев А.А.
[2026-04-27 22:48:52] [INFO] Блок 3: Грязнев А.А. -> 185000.0 (OCR='185000')
[2026-04-27 22:48:52] [INFO] Итого: Грязнев А.А. -> 185000.0
[2026-04-27 22:48:53] [INFO] Блок 4: лучший OCR ФИО 'Данилин А.Р' (otsu, score=1.000) -> 'Данилин А.Р.'
[2026-04-27 22:48:53] [INFO] Обработка колонки человека: Данилин А.Р
[2026-04-27 22:48:53] [INFO] Блок 4: OCR имени 'Данилин А.Р' -> 'Данилин А.Р.' (1.000). Топ: Данилин А.Р.:1.00, Скрипник А-р А.:0.48, Потолочин И.М.:0.42
[2026-04-27 22:48:53] [INFO] Имя после очистки и коррекции: Данилин А.Р.
[2026-04-27 22:48:54] [INFO] Блок 4: Данилин А.Р. -> 150000.0 (OCR='150000')
[2026-04-27 22:48:54] [INFO] Итого: Данилин А.Р. -> 150000.0
[2026-04-27 22:48:54] [INFO] Блок 5: лучший OCR ФИО 'Коростелев О.Б' (otsu, score=1.000) -> 'Коростелев О.Б.'
[2026-04-27 22:48:54] [INFO] Обработка колонки человека: Коростелев О.Б
[2026-04-27 22:48:54] [INFO] Блок 5: OCR имени 'Коростелев О.Б' -> 'Коростелев О.Б.' (1.000). Топ: Коростелев О.Б.:1.00, Коршунов А.А.:0.55, Силаев С.Г.:0.50
[2026-04-27 22:48:54] [INFO] Имя после очистки и коррекции: Коростелев О.Б.
[2026-04-27 22:48:55] [INFO] Блок 5: Коростелев О.Б. -> 162505.0 (OCR='162505')
[2026-04-27 22:48:55] [INFO] Итого: Коростелев О.Б. -> 162505.0
[2026-04-27 22:48:56] [INFO] Блок 6: лучший OCR ФИО 'Коршунов А.А' (otsu, score=1.000) -> 'Коршунов А.А.'
[2026-04-27 22:48:56] [INFO] Обработка колонки человека: Коршунов А.А
[2026-04-27 22:48:56] [INFO] Блок 6: OCR имени 'Коршунов А.А' -> 'Коршунов А.А.' (1.000). Топ: Коршунов А.А.:1.00, Горенков А.В.:0.67, Грязнев А.А.:0.61
[2026-04-27 22:48:56] [INFO] Имя после очистки и коррекции: Коршунов А.А.
[2026-04-27 22:48:57] [INFO] Блок 6: Коршунов А.А. -> 170000.0 (OCR='170000')
[2026-04-27 22:48:57] [INFO] Итого: Коршунов А.А. -> 170000.0
[2026-04-27 22:48:57] [INFO] Блок 7: лучший OCR ФИО 'лазарев А.Е' (otsu, score=1.000) -> 'Лазарев А.Е.'
[2026-04-27 22:48:57] [INFO] Обработка колонки человека: лазарев А.Е
[2026-04-27 22:48:57] [INFO] Блок 7: OCR имени 'лазарев А.Е' -> 'Лазарев А.Е.' (1.000). Топ: Лазарев А.Е.:1.00, Лобачев А.Г.:0.64, Силаев С.Г.:0.60
[2026-04-27 22:48:57] [INFO] Имя после очистки и коррекции: Лазарев А.Е.
[2026-04-27 22:48:58] [INFO] Блок 7: Лазарев А.Е. -> 184400.0 (OCR='184400')
[2026-04-27 22:48:58] [INFO] Итого: Лазарев А.Е. -> 184400.0
[2026-04-27 22:48:58] [INFO] Обработка РСС_ФЕВ26_2.JPG...
[2026-04-27 22:48:58] [DEBUG] Файл РСС_ФЕВ26_2.JPG: размер 1378x356
[2026-04-27 22:48:58] [INFO] Найдено линий: X=24, Y=26
[2026-04-27 22:48:58] [INFO] Найдено зарплатных блоков: 8
[2026-04-27 22:48:58] [INFO] Определена ожидаемая строка ИТОГО К ВЫПЛАТЕ по умолчанию: индекс 20
[2026-04-27 22:48:59] [INFO] Блок 1: лучший OCR ФИО 'Лобачев А Г' (gray, score=1.000) -> 'Лобачев А.Г.'
[2026-04-27 22:48:59] [INFO] Обработка колонки человека: Лобачев А Г
[2026-04-27 22:48:59] [INFO] Блок 1: OCR имени 'Лобачев А Г' -> 'Лобачев А.Г.' (1.000). Топ: Лобачев А.Г.:1.00, Силаев С.Г.:0.67, Лазарев А.Е.:0.64
[2026-04-27 22:48:59] [INFO] Имя после очистки и коррекции: Лобачев А.Г.
[2026-04-27 22:49:00] [INFO] Блок 1: Лобачев А.Г. -> 245000.0 (OCR='245000')
[2026-04-27 22:49:00] [INFO] Строка ИТОГО К ВЫПЛАТЕ зафиксирована на индексе 20
[2026-04-27 22:49:00] [INFO] Итого: Лобачев А.Г. -> 245000.0
[2026-04-27 22:49:00] [INFO] Блок 2: лучший OCR ФИО 'Потолочин И.М' (adaptive, score=1.000) -> 'Потолочин И.М.'
[2026-04-27 22:49:00] [INFO] Обработка колонки человека: Потолочин И.М
[2026-04-27 22:49:00] [INFO] Блок 2: OCR имени 'Потолочин И.М' -> 'Потолочин И.М.' (1.000). Топ: Потолочин И.М.:1.00, Потолочин М.П.:0.84, Проскурин М.А.:0.46
[2026-04-27 22:49:00] [INFO] Имя после очистки и коррекции: Потолочин И.М.
[2026-04-27 22:49:01] [INFO] Блок 2: Потолочин И.М. -> 188331.0 (OCR='188331')
[2026-04-27 22:49:01] [INFO] Итого: Потолочин И.М. -> 188331.0
[2026-04-27 22:49:02] [INFO] Блок 3: лучший OCR ФИО 'Потолочин М.П' (otsu, score=1.000) -> 'Потолочин М.П.'
[2026-04-27 22:49:02] [INFO] Обработка колонки человека: Потолочин М.П
[2026-04-27 22:49:02] [INFO] Блок 3: OCR имени 'Потолочин М.П' -> 'Потолочин М.П.' (1.000). Топ: Потолочин М.П.:1.00, Потолочин И.М.:0.84, Проскурин М.А.:0.54
[2026-04-27 22:49:02] [INFO] Имя после очистки и коррекции: Потолочин М.П.
[2026-04-27 22:49:03] [INFO] Блок 3: Потолочин М.П. -> 218695.0 (OCR='218695')
[2026-04-27 22:49:03] [INFO] Итого: Потолочин М.П. -> 218695.0
[2026-04-27 22:49:04] [INFO] Блок 4: лучший OCR ФИО 'Проскурин М.А' (otsu, score=1.000) -> 'Проскурин М.А.'
[2026-04-27 22:49:04] [INFO] Обработка колонки человека: Проскурин М.А
[2026-04-27 22:49:04] [INFO] Блок 4: OCR имени 'Проскурин М.А' -> 'Проскурин М.А.' (1.000). Топ: Проскурин М.А.:1.00, Скрипник А-й.А.:0.57, Скрипник А-р А.:0.57
[2026-04-27 22:49:04] [INFO] Имя после очистки и коррекции: Проскурин М.А.
[2026-04-27 22:49:05] [INFO] Блок 4: Проскурин М.А. -> 185047.0 (OCR='185047')
[2026-04-27 22:49:05] [INFO] Итого: Проскурин М.А. -> 185047.0
[2026-04-27 22:49:05] [INFO] Блок 5: лучший OCR ФИО 'Силаев С.Г' (otsu, score=1.000) -> 'Силаев С.Г.'
[2026-04-27 22:49:05] [INFO] Обработка колонки человека: Силаев С.Г
[2026-04-27 22:49:05] [INFO] Блок 5: OCR имени 'Силаев С.Г' -> 'Силаев С.Г.' (1.000). Топ: Силаев С.Г.:1.00, Лобачев А.Г.:0.67, Лазарев А.Е.:0.60
[2026-04-27 22:49:05] [INFO] Имя после очистки и коррекции: Силаев С.Г.
[2026-04-27 22:49:06] [INFO] Блок 5: Силаев С.Г. -> 220500.0 (OCR='220500')
[2026-04-27 22:49:06] [INFO] Итого: Силаев С.Г. -> 220500.0
[2026-04-27 22:49:07] [INFO] Блок 6: лучший OCR ФИО 'Скрипник А-р.А' (gray, score=1.000) -> 'Скрипник А-р А.'
[2026-04-27 22:49:07] [INFO] Обработка колонки человека: Скрипник А-р.А
[2026-04-27 22:49:07] [INFO] Блок 6: OCR имени 'Скрипник А-р.А' -> 'Скрипник А-р А.' (1.000). Топ: Скрипник А-р А.:1.00, Скрипник А-й.А.:0.92, Проскурин М.А.:0.57
[2026-04-27 22:49:07] [INFO] Имя после очистки и коррекции: Скрипник А-р А.
[2026-04-27 22:49:08] [INFO] Блок 6: Скрипник А-р А. -> 298313.0 (OCR='298313')
[2026-04-27 22:49:08] [INFO] Итого: Скрипник А-р А. -> 298313.0
[2026-04-27 22:49:09] [INFO] Блок 7: лучший OCR ФИО 'Скрипник А.А' (adaptive, score=0.901) -> 'Скрипник А-й.А.'
[2026-04-27 22:49:09] [INFO] Обработка колонки человека: Скрипник А.А
[2026-04-27 22:49:09] [INFO] Блок 7: OCR имени 'Скрипник А.А' -> 'Скрипник А-й.А.' (0.901). Топ: Скрипник А-й.А.:0.90, Скрипник А-р А.:0.90, Коршунов А.А.:0.58
[2026-04-27 22:49:09] [INFO] Имя после очистки и коррекции: Скрипник А-й.А.
[2026-04-27 22:49:10] [INFO] Блок 7: Скрипник А-й.А. -> 329400.0 (OCR='329400')
[2026-04-27 22:49:10] [INFO] Итого: Скрипник А-й.А. -> 329400.0
[2026-04-27 22:49:10] [INFO] Блок 8: лучший OCR ФИО 'ФОКИН С.В' (otsu, score=1.000) -> 'Фокин С.В.'
[2026-04-27 22:49:10] [INFO] Обработка колонки человека: ФОКИН С.В
[2026-04-27 22:49:10] [INFO] Блок 8: OCR имени 'ФОКИН С.В' -> 'Фокин С.В.' (1.000). Топ: Фокин С.В.:1.00, Проскурин М.А.:0.56, Горенков А.В.:0.48
[2026-04-27 22:49:10] [INFO] Имя после очистки и коррекции: Фокин С.В.
[2026-04-27 22:49:11] [INFO] Блок 8: Фокин С.В. -> 175000.0 (OCR='175000')
[2026-04-27 22:49:11] [INFO] Итого: Фокин С.В. -> 175000.0
[2026-04-27 22:49:11] [INFO] Готово! Данные экспортированы в result.csv. Всего строк: 15
[2026-04-27 22:49:11] [INFO] Очистка временных файлов...
